<?xml version="1.0" encoding="UTF-8"?>
<!-- Generated by org.testng.reporters.JUnitXMLReporter -->
<testsuite ignored="0" hostname="TYSS-Sumanth" failures="0" tests="4" name="BeautyProductsTest" time="61.642" errors="0" timestamp="2023-01-03T13:20:45 IST">
  <testcase classname="beautyProducts.TC_BeautyProducts_020" name="createPayment" time="26.363"/>
  <testcase classname="beautyProducts.TC_BeautyProducts_023" name="createPayment" time="7.515"/>
  <testcase classname="beautyProducts.TC_BeautyProducts_021" name="createPayment" time="13.692"/>
  <testcase classname="beautyProducts.TC_BeautyProducts_022" name="createPayment" time="13.953"/>
</testsuite> <!-- BeautyProductsTest -->
