<?xml version="1.0" encoding="UTF-8"?>
<!-- Generated by org.testng.reporters.JUnitXMLReporter -->
<testsuite ignored="6" hostname="TYSS-Sumanth" failures="0" tests="4" name="BikesTest" time="20.646" errors="0" timestamp="2023-01-12T15:20:13 IST">
  <testcase classname="beautyProducts.TC_BeautyProducts_022" name="smytten" time="6.526"/>
  <testcase classname="bikes.TC_Bikes_011" name="harleyDavidson" time="13.996"/>
  <testcase classname="beautyProducts.TC_BeautyProducts_021" name="purple" time="15.563"/>
  <testcase classname="bikes.TC_Bikes_012" name="ducati" time="4.961"/>
  <testcase classname="beautyProducts.TC_BeautyProducts_023" name="sugarCosmetics" time="0.0">
    <ignored/>
  </testcase> <!-- sugarCosmetics -->
  <testcase classname="beautyProducts.TC_BeautyProducts_020" name="maybelline" time="0.0">
    <ignored/>
  </testcase> <!-- maybelline -->
  <testcase classname="bikes.TC_Bikes_010" name="add" time="0.0">
    <ignored/>
  </testcase> <!-- add -->
  <testcase classname="bikes.TC_Bikes_010" name="triumph" time="0.0">
    <ignored/>
  </testcase> <!-- triumph -->
  <testcase classname="bikes.TC_Bikes_011" name="yamaha" time="0.0">
    <ignored/>
  </testcase> <!-- yamaha -->
  <testcase classname="bikes.TC_Bikes_013" name="kawasaki" time="0.0">
    <ignored/>
  </testcase> <!-- kawasaki -->
</testsuite> <!-- BikesTest -->
