<?xml version="1.0" encoding="UTF-8"?>
<!-- Generated by org.testng.reporters.JUnitXMLReporter -->
<testsuite ignored="0" hostname="TYSS-Sumanth" failures="0" tests="8" name="Test3" time="92.357" errors="0" timestamp="2023-01-10T11:51:53 IST">
  <testcase classname="bikes.TC_Bikes_012" name="createPayment" time="10.959"/>
  <testcase classname="bikes.TC_Bikes_013" name="createPayment" time="19.198"/>
  <testcase classname="bikes.TC_Bikes_010" name="createPayment" time="18.38"/>
  <testcase classname="bikes.TC_Bikes_011" name="createPayment" time="11.665"/>
  <testcase classname="beautyProducts.TC_BeautyProducts_020" name="createPayment" time="15.561"/>
  <testcase classname="beautyProducts.TC_BeautyProducts_023" name="createPayment" time="7.848"/>
  <testcase classname="beautyProducts.TC_BeautyProducts_021" name="createPayment" time="5.48"/>
  <testcase classname="beautyProducts.TC_BeautyProducts_022" name="createPayment" time="3.134"/>
</testsuite> <!-- Test3 -->
