<?xml version="1.0" encoding="UTF-8"?>
<!-- Generated by org.testng.reporters.JUnitXMLReporter -->
<testsuite ignored="0" hostname="TYSS-Sumanth" failures="0" tests="4" name="Test2" time="61.051" errors="0" timestamp="2023-01-10T11:51:22 IST">
  <testcase classname="bikes.TC_Bikes_010" name="createPayment" time="19.791"/>
  <testcase classname="bikes.TC_Bikes_011" name="createPayment" time="13.708"/>
  <testcase classname="beautyProducts.TC_BeautyProducts_020" name="createPayment" time="11.626"/>
  <testcase classname="beautyProducts.TC_BeautyProducts_023" name="createPayment" time="15.813"/>
</testsuite> <!-- Test2 -->
