<?xml version="1.0" encoding="UTF-8"?>
<!-- Generated by org.testng.reporters.JUnitXMLReporter -->
<testsuite ignored="0" hostname="TYSS-Sumanth" failures="0" tests="4" name="Test1" time="49.957" errors="0" timestamp="2023-01-10T11:51:10 IST">
  <testcase classname="bikes.TC_Bikes_012" name="createPayment" time="11.13"/>
  <testcase classname="bikes.TC_Bikes_013" name="createPayment" time="19.001"/>
  <testcase classname="beautyProducts.TC_BeautyProducts_021" name="createPayment" time="14.872"/>
  <testcase classname="beautyProducts.TC_BeautyProducts_022" name="createPayment" time="4.836"/>
</testsuite> <!-- Test1 -->
